<?xml version="1.0" encoding="UTF-8"?>
<!-- Generated by org.testng.reporters.JUnitReportReporter -->
<testsuite skipped="0" hostname="Adeyeye-PC" name="org.martinscademy.DemoTest" tests="2" failures="0" timestamp="09 Feb 2021 12:20:54 GMT" time="13.859" errors="0">
  <testcase name="flightTest" time="10.838" classname="org.martinscademy.DemoTest"/>
  <testcase name="flightTest" time="3.021" classname="org.martinscademy.DemoTest"/>
</testsuite> <!-- org.martinscademy.DemoTest -->
