<?xml version="1.0" encoding="UTF-8"?>
<!-- Generated by org.testng.reporters.JUnitReportReporter -->
<testsuite skipped="0" hostname="Adeyeye-PC" name="org.martinscademy.DemoTest" tests="2" failures="0" timestamp="08 Feb 2021 21:44:47 GMT" time="19.793" errors="0">
  <testcase name="flightTest" time="15.098" classname="org.martinscademy.DemoTest"/>
  <testcase name="flightTest" time="4.695" classname="org.martinscademy.DemoTest"/>
</testsuite> <!-- org.martinscademy.DemoTest -->
